<?xml version="1.0" encoding="UTF-8"?>
<!-- Generated by org.testng.reporters.JUnitXMLReporter -->
<testsuite hostname="LAPTOP-8PQKFV8G" ignored="1" name="Test" tests="3" failures="0" timestamp="2022-03-21T16:26:07 CDT" time="104.009" errors="0">
  <testcase name="APIDemo" time="29.059" classname="Framework.Practice.APIDemoTEst"/>
  <testcase name="APIDemo" time="27.778" classname="Framework.Practice.APIDemoTEst"/>
  <testcase name="Ecommerce" time="43.012" classname="Framework.Practice.ECommerce1Test"/>
  <testcase name="@BeforeTest killallnodes" time="0.0" classname="Framework.Practice.Base01Test">
    <ignored/>
  </testcase> <!-- @BeforeTest killallnodes -->
</testsuite> <!-- Test -->
