<?xml version="1.0" encoding="UTF-8"?>
<testng-results skipped="0" failed="0" ignored="1" total="4" passed="3">
  <reporter-output>
  </reporter-output>
  <suite name="Suite" duration-ms="104009" started-at="2022-03-21T16:24:23 CDT" finished-at="2022-03-21T16:26:07 CDT">
    <groups>
    </groups>
    <test name="Test" duration-ms="104009" started-at="2022-03-21T16:24:23 CDT" finished-at="2022-03-21T16:26:07 CDT">
      <class name="Framework.Practice.APIDemoTEst">
        <test-method status="PASS" signature="killallnodes()[pri:0, instance:Framework.Practice.APIDemoTEst@44c8afef]" name="killallnodes" is-config="true" duration-ms="4034" started-at="2022-03-21T16:24:23 CDT" finished-at="2022-03-21T16:24:27 CDT">
          <reporter-output>
          </reporter-output>
        </test-method> <!-- killallnodes -->
        <test-method status="PASS" signature="APIDemo(java.lang.String)[pri:0, instance:Framework.Practice.APIDemoTEst@44c8afef]" name="APIDemo" duration-ms="29059" started-at="2022-03-21T16:24:28 CDT" data-provider="InputData" finished-at="2022-03-21T16:24:57 CDT">
          <params>
            <param index="0">
              <value>
                <![CDATA[CELIA]]>
              </value>
            </param>
          </params>
          <reporter-output>
          </reporter-output>
        </test-method> <!-- APIDemo -->
        <test-method status="PASS" signature="APIDemo(java.lang.String)[pri:0, instance:Framework.Practice.APIDemoTEst@44c8afef]" name="APIDemo" duration-ms="27778" started-at="2022-03-21T16:24:57 CDT" data-provider="InputData" finished-at="2022-03-21T16:25:24 CDT">
          <params>
            <param index="0">
              <value>
                <![CDATA[YOUSEF]]>
              </value>
            </param>
          </params>
          <reporter-output>
          </reporter-output>
        </test-method> <!-- APIDemo -->
      </class> <!-- Framework.Practice.APIDemoTEst -->
      <class name="Framework.Practice.ECommerce1Test">
        <test-method status="PASS" signature="Ecommerce()[pri:0, instance:Framework.Practice.ECommerce1Test@5ed828d]" name="Ecommerce" duration-ms="43012" started-at="2022-03-21T16:25:24 CDT" finished-at="2022-03-21T16:26:07 CDT">
          <reporter-output>
          </reporter-output>
        </test-method> <!-- Ecommerce -->
      </class> <!-- Framework.Practice.ECommerce1Test -->
    </test> <!-- Test -->
  </suite> <!-- Suite -->
</testng-results>
