<?xml version="1.0" encoding="UTF-8"?>
<testng-results ignored="0" total="2" passed="2" failed="0" skipped="0">
  <reporter-output>
  </reporter-output>
  <suite started-at="2022-03-17T15:38:31 CDT" name="Suite" finished-at="2022-03-17T15:39:33 CDT" duration-ms="62616">
    <groups>
    </groups>
    <test started-at="2022-03-17T15:38:31 CDT" name="Test" finished-at="2022-03-17T15:39:33 CDT" duration-ms="62616">
      <class name="Framework.Practice.APIDemoTEst">
        <test-method signature="APIDemo()[pri:0, instance:Framework.Practice.APIDemoTEst@662b4c69]" started-at="2022-03-17T15:38:31 CDT" name="APIDemo" finished-at="2022-03-17T15:38:57 CDT" duration-ms="26052" status="PASS">
          <reporter-output>
          </reporter-output>
        </test-method> <!-- APIDemo -->
      </class> <!-- Framework.Practice.APIDemoTEst -->
      <class name="Framework.Practice.ECommerce1Test">
        <test-method signature="Ecommerce()[pri:0, instance:Framework.Practice.ECommerce1Test@6283d8b8]" started-at="2022-03-17T15:38:57 CDT" name="Ecommerce" finished-at="2022-03-17T15:39:33 CDT" duration-ms="36514" status="PASS">
          <reporter-output>
          </reporter-output>
        </test-method> <!-- Ecommerce -->
      </class> <!-- Framework.Practice.ECommerce1Test -->
    </test> <!-- Test -->
  </suite> <!-- Suite -->
</testng-results>
